# JRE version: OpenJDK Runtime Environment (17.0.6) (build 17.0.6+0-b2043.56-10027231)
# Java VM: OpenJDK 64-Bit Server VM (17.0.6+0-b2043.56-10027231, mixed mode, tiered, compressed oops, compressed class ptrs, g1 gc, windows-amd64)
GC Precious Log:
 CPUs: 12 total, 12 available
 Memory: 14188M
 Large Page Support: Disabled
 NUMA Support: Disabled
 Compressed Oops: Enabled (32-bit)
 Heap Region Size: 1M
 Heap Min Capacity: 8M
 Heap Initial Capacity: 222M
 Heap Max Capacity: 2G
 Pre-touch: Disabled
 Parallel Workers: 10
 Concurrent Workers: 3
 Concurrent Refinement Workers: 10
 Periodic GC: Disabled
Heap:
 garbage-first heap   total 244736K, used 188855K [0x0000000080000000, 0x0000000100000000)
  region size 1024K, 59 young (60416K), 2 survivors (2048K)
 Metaspace       used 91731K, committed 92480K, reserved 1130496K
  class space    used 12152K, committed 12480K, reserved 1048576K
GC Heap History (20 events):
Event: 12.548 GC heap before
{Heap before GC invocations=56 (full 0):
 garbage-first heap   total 220160K, used 192599K [0x0000000080000000, 0x0000000100000000)
  region size 1024K, 67 young (68608K), 2 survivors (2048K)
 Metaspace       used 85530K, committed 86144K, reserved 1130496K
  class space    used 11456K, committed 11712K, reserved 1048576K
}
Event: 12.551 GC heap after
{Heap after GC invocations=57 (full 0):
 garbage-first heap   total 220160K, used 126005K [0x0000000080000000, 0x0000000100000000)
  region size 1024K, 2 young (2048K), 2 survivors (2048K)
 Metaspace       used 85530K, committed 86144K, reserved 1130496K
  class space    used 11456K, committed 11712K, reserved 1048576K
}
Event: 13.440 GC heap before
{Heap before GC invocations=58 (full 0):
 garbage-first heap   total 220160K, used 192565K [0x0000000080000000, 0x0000000100000000)
  region size 1024K, 67 young (68608K), 2 survivors (2048K)
 Metaspace       used 85530K, committed 86144K, reserved 1130496K
  class space    used 11456K, committed 11712K, reserved 1048576K
}
Event: 13.442 GC heap after
{Heap after GC invocations=59 (full 0):
 garbage-first heap   total 220160K, used 125971K [0x0000000080000000, 0x0000000100000000)
  region size 1024K, 2 young (2048K), 2 survivors (2048K)
 Metaspace       used 85530K, committed 86144K, reserved 1130496K
  class space    used 11456K, committed 11712K, reserved 1048576K
}
Event: 14.329 GC heap before
{Heap before GC invocations=59 (full 0):
 garbage-first heap   total 220160K, used 193555K [0x0000000080000000, 0x0000000100000000)
  region size 1024K, 68 young (69632K), 2 survivors (2048K)
 Metaspace       used 85530K, committed 86144K, reserved 1130496K
  class space    used 11456K, committed 11712K, reserved 1048576K
}
Event: 14.331 GC heap after
{Heap after GC invocations=60 (full 0):
 garbage-first heap   total 220160K, used 126047K [0x0000000080000000, 0x0000000100000000)
  region size 1024K, 2 young (2048K), 2 survivors (2048K)
 Metaspace       used 85530K, committed 86144K, reserved 1130496K
  class space    used 11456K, committed 11712K, reserved 1048576K
}
Event: 15.227 GC heap before
{Heap before GC invocations=61 (full 0):
 garbage-first heap   total 220160K, used 194655K [0x0000000080000000, 0x0000000100000000)
  region size 1024K, 69 young (70656K), 2 survivors (2048K)
 Metaspace       used 85707K, committed 86400K, reserved 1130496K
  class space    used 11483K, committed 11776K, reserved 1048576K
}
Event: 15.229 GC heap after
{Heap after GC invocations=62 (full 0):
 garbage-first heap   total 220160K, used 126067K [0x0000000080000000, 0x0000000100000000)
  region size 1024K, 2 young (2048K), 2 survivors (2048K)
 Metaspace       used 85707K, committed 86400K, reserved 1130496K
  class space    used 11483K, committed 11776K, reserved 1048576K
}
Event: 16.094 GC heap before
{Heap before GC invocations=62 (full 0):
 garbage-first heap   total 220160K, used 194675K [0x0000000080000000, 0x0000000100000000)
  region size 1024K, 69 young (70656K), 2 survivors (2048K)
 Metaspace       used 85708K, committed 86400K, reserved 1130496K
  class space    used 11483K, committed 11776K, reserved 1048576K
}
Event: 16.096 GC heap after
{Heap after GC invocations=63 (full 0):
 garbage-first heap   total 220160K, used 126067K [0x0000000080000000, 0x0000000100000000)
  region size 1024K, 2 young (2048K), 2 survivors (2048K)
 Metaspace       used 85708K, committed 86400K, reserved 1130496K
  class space    used 11483K, committed 11776K, reserved 1048576K
}
Event: 17.007 GC heap before
{Heap before GC invocations=64 (full 0):
 garbage-first heap   total 220160K, used 194675K [0x0000000080000000, 0x0000000100000000)
  region size 1024K, 69 young (70656K), 2 survivors (2048K)
 Metaspace       used 85709K, committed 86400K, reserved 1130496K
  class space    used 11483K, committed 11776K, reserved 1048576K
}
Event: 17.009 GC heap after
{Heap after GC invocations=65 (full 0):
 garbage-first heap   total 220160K, used 126102K [0x0000000080000000, 0x0000000100000000)
  region size 1024K, 3 young (3072K), 3 survivors (3072K)
 Metaspace       used 85709K, committed 86400K, reserved 1130496K
  class space    used 11483K, committed 11776K, reserved 1048576K
}
Event: 17.899 GC heap before
{Heap before GC invocations=65 (full 0):
 garbage-first heap   total 220160K, used 192662K [0x0000000080000000, 0x0000000100000000)
  region size 1024K, 68 young (69632K), 3 survivors (3072K)
 Metaspace       used 85709K, committed 86400K, reserved 1130496K
  class space    used 11483K, committed 11776K, reserved 1048576K
}
Event: 17.901 GC heap after
{Heap after GC invocations=66 (full 0):
 garbage-first heap   total 220160K, used 126158K [0x0000000080000000, 0x0000000100000000)
  region size 1024K, 2 young (2048K), 2 survivors (2048K)
 Metaspace       used 85709K, committed 86400K, reserved 1130496K
  class space    used 11483K, committed 11776K, reserved 1048576K
}
Event: 18.819 GC heap before
{Heap before GC invocations=67 (full 0):
 garbage-first heap   total 220160K, used 194766K [0x0000000080000000, 0x0000000100000000)
  region size 1024K, 69 young (70656K), 2 survivors (2048K)
 Metaspace       used 85709K, committed 86400K, reserved 1130496K
  class space    used 11483K, committed 11776K, reserved 1048576K
}
Event: 18.821 GC heap after
{Heap after GC invocations=68 (full 0):
 garbage-first heap   total 220160K, used 126070K [0x0000000080000000, 0x0000000100000000)
  region size 1024K, 2 young (2048K), 2 survivors (2048K)
 Metaspace       used 85709K, committed 86400K, reserved 1130496K
  class space    used 11483K, committed 11776K, reserved 1048576K
}
Event: 19.518 GC heap before
{Heap before GC invocations=68 (full 0):
 garbage-first heap   total 220160K, used 193654K [0x0000000080000000, 0x0000000100000000)
  region size 1024K, 69 young (70656K), 2 survivors (2048K)
 Metaspace       used 90667K, committed 91392K, reserved 1130496K
  class space    used 12059K, committed 12416K, reserved 1048576K
}
Event: 19.522 GC heap after
{Heap after GC invocations=69 (full 0):
 garbage-first heap   total 220160K, used 132802K [0x0000000080000000, 0x0000000100000000)
  region size 1024K, 8 young (8192K), 8 survivors (8192K)
 Metaspace       used 90667K, committed 91392K, reserved 1130496K
  class space    used 12059K, committed 12416K, reserved 1048576K
}
Event: 19.720 GC heap before
{Heap before GC invocations=70 (full 0):
 garbage-first heap   total 244736K, used 188098K [0x0000000080000000, 0x0000000100000000)
  region size 1024K, 63 young (64512K), 8 survivors (8192K)
 Metaspace       used 90868K, committed 91648K, reserved 1130496K
  class space    used 12067K, committed 12416K, reserved 1048576K
}
Event: 19.723 GC heap after
{Heap after GC invocations=71 (full 0):
 garbage-first heap   total 244736K, used 131511K [0x0000000080000000, 0x0000000100000000)
  region size 1024K, 2 young (2048K), 2 survivors (2048K)
 Metaspace       used 90868K, committed 91648K, reserved 1130496K
  class space    used 12067K, committed 12416K, reserved 1048576K
}

