# JRE version: OpenJDK Runtime Environment (17.0.6) (build 17.0.6+0-b2043.56-10027231)
# Java VM: OpenJDK 64-Bit Server VM (17.0.6+0-b2043.56-10027231, mixed mode, tiered, compressed oops, compressed class ptrs, g1 gc, windows-amd64)
GC Precious Log:
 CPUs: 12 total, 12 available
 Memory: 14188M
 Large Page Support: Disabled
 NUMA Support: Disabled
 Compressed Oops: Enabled (32-bit)
 Heap Region Size: 1M
 Heap Min Capacity: 8M
 Heap Initial Capacity: 222M
 Heap Max Capacity: 2G
 Pre-touch: Disabled
 Parallel Workers: 10
 Concurrent Workers: 3
 Concurrent Refinement Workers: 10
 Periodic GC: Disabled
Heap:
 garbage-first heap   total 227328K, used 91975K [0x0000000080000000, 0x0000000100000000)
  region size 1024K, 7 young (7168K), 7 survivors (7168K)
 Metaspace       used 69303K, committed 69952K, reserved 1114112K
  class space    used 8737K, committed 9024K, reserved 1048576K
GC Heap History (20 events):
Event: 16.451 GC heap after
{Heap after GC invocations=41 (full 0):
 garbage-first heap   total 227328K, used 78156K [0x0000000080000000, 0x0000000100000000)
  region size 1024K, 12 young (12288K), 12 survivors (12288K)
 Metaspace       used 63452K, committed 64000K, reserved 1105920K
  class space    used 8299K, committed 8576K, reserved 1048576K
}
Event: 22.168 GC heap before
{Heap before GC invocations=41 (full 0):
 garbage-first heap   total 227328K, used 189772K [0x0000000080000000, 0x0000000100000000)
  region size 1024K, 121 young (123904K), 12 survivors (12288K)
 Metaspace       used 68314K, committed 68928K, reserved 1114112K
  class space    used 8702K, committed 8960K, reserved 1048576K
}
Event: 22.177 GC heap after
{Heap after GC invocations=42 (full 0):
 garbage-first heap   total 227328K, used 85124K [0x0000000080000000, 0x0000000100000000)
  region size 1024K, 7 young (7168K), 7 survivors (7168K)
 Metaspace       used 68314K, committed 68928K, reserved 1114112K
  class space    used 8702K, committed 8960K, reserved 1048576K
}
Event: 27.997 GC heap before
{Heap before GC invocations=42 (full 0):
 garbage-first heap   total 227328K, used 188548K [0x0000000080000000, 0x0000000100000000)
  region size 1024K, 108 young (110592K), 7 survivors (7168K)
 Metaspace       used 69016K, committed 69632K, reserved 1114112K
  class space    used 8731K, committed 9024K, reserved 1048576K
}
Event: 28.000 GC heap after
{Heap after GC invocations=43 (full 0):
 garbage-first heap   total 227328K, used 85730K [0x0000000080000000, 0x0000000100000000)
  region size 1024K, 8 young (8192K), 8 survivors (8192K)
 Metaspace       used 69016K, committed 69632K, reserved 1114112K
  class space    used 8731K, committed 9024K, reserved 1048576K
}
Event: 40.572 GC heap before
{Heap before GC invocations=43 (full 0):
 garbage-first heap   total 227328K, used 192226K [0x0000000080000000, 0x0000000100000000)
  region size 1024K, 110 young (112640K), 8 survivors (8192K)
 Metaspace       used 69259K, committed 69888K, reserved 1114112K
  class space    used 8733K, committed 9024K, reserved 1048576K
}
Event: 40.576 GC heap after
{Heap after GC invocations=44 (full 0):
 garbage-first heap   total 227328K, used 88536K [0x0000000080000000, 0x0000000100000000)
  region size 1024K, 9 young (9216K), 9 survivors (9216K)
 Metaspace       used 69259K, committed 69888K, reserved 1114112K
  class space    used 8733K, committed 9024K, reserved 1048576K
}
Event: 40.653 GC heap before
{Heap before GC invocations=44 (full 0):
 garbage-first heap   total 227328K, used 194008K [0x0000000080000000, 0x0000000100000000)
  region size 1024K, 110 young (112640K), 9 survivors (9216K)
 Metaspace       used 69266K, committed 69888K, reserved 1114112K
  class space    used 8733K, committed 9024K, reserved 1048576K
}
Event: 40.657 GC heap after
{Heap after GC invocations=45 (full 0):
 garbage-first heap   total 227328K, used 89671K [0x0000000080000000, 0x0000000100000000)
  region size 1024K, 5 young (5120K), 5 survivors (5120K)
 Metaspace       used 69266K, committed 69888K, reserved 1114112K
  class space    used 8733K, committed 9024K, reserved 1048576K
}
Event: 40.738 GC heap before
{Heap before GC invocations=45 (full 0):
 garbage-first heap   total 227328K, used 192071K [0x0000000080000000, 0x0000000100000000)
  region size 1024K, 106 young (108544K), 5 survivors (5120K)
 Metaspace       used 69269K, committed 69888K, reserved 1114112K
  class space    used 8733K, committed 9024K, reserved 1048576K
}
Event: 40.741 GC heap after
{Heap after GC invocations=46 (full 0):
 garbage-first heap   total 227328K, used 89243K [0x0000000080000000, 0x0000000100000000)
  region size 1024K, 5 young (5120K), 5 survivors (5120K)
 Metaspace       used 69269K, committed 69888K, reserved 1114112K
  class space    used 8733K, committed 9024K, reserved 1048576K
}
Event: 40.808 GC heap before
{Heap before GC invocations=46 (full 0):
 garbage-first heap   total 227328K, used 193691K [0x0000000080000000, 0x0000000100000000)
  region size 1024K, 108 young (110592K), 5 survivors (5120K)
 Metaspace       used 69274K, committed 69888K, reserved 1114112K
  class space    used 8733K, committed 9024K, reserved 1048576K
}
Event: 40.812 GC heap after
{Heap after GC invocations=47 (full 0):
 garbage-first heap   total 227328K, used 89537K [0x0000000080000000, 0x0000000100000000)
  region size 1024K, 5 young (5120K), 5 survivors (5120K)
 Metaspace       used 69274K, committed 69888K, reserved 1114112K
  class space    used 8733K, committed 9024K, reserved 1048576K
}
Event: 40.893 GC heap before
{Heap before GC invocations=47 (full 0):
 garbage-first heap   total 227328K, used 195009K [0x0000000080000000, 0x0000000100000000)
  region size 1024K, 109 young (111616K), 5 survivors (5120K)
 Metaspace       used 69301K, committed 69952K, reserved 1114112K
  class space    used 8737K, committed 9024K, reserved 1048576K
}
Event: 40.900 GC heap after
{Heap after GC invocations=48 (full 0):
 garbage-first heap   total 227328K, used 89841K [0x0000000080000000, 0x0000000100000000)
  region size 1024K, 5 young (5120K), 5 survivors (5120K)
 Metaspace       used 69301K, committed 69952K, reserved 1114112K
  class space    used 8737K, committed 9024K, reserved 1048576K
}
Event: 40.968 GC heap before
{Heap before GC invocations=48 (full 0):
 garbage-first heap   total 227328K, used 195313K [0x0000000080000000, 0x0000000100000000)
  region size 1024K, 109 young (111616K), 5 survivors (5120K)
 Metaspace       used 69301K, committed 69952K, reserved 1114112K
  class space    used 8737K, committed 9024K, reserved 1048576K
}
Event: 40.971 GC heap after
{Heap after GC invocations=49 (full 0):
 garbage-first heap   total 227328K, used 90483K [0x0000000080000000, 0x0000000100000000)
  region size 1024K, 6 young (6144K), 6 survivors (6144K)
 Metaspace       used 69301K, committed 69952K, reserved 1114112K
  class space    used 8737K, committed 9024K, reserved 1048576K
}
Event: 41.038 GC heap before
{Heap before GC invocations=49 (full 0):
 garbage-first heap   total 227328K, used 195955K [0x0000000080000000, 0x0000000100000000)
  region size 1024K, 111 young (113664K), 6 survivors (6144K)
 Metaspace       used 69301K, committed 69952K, reserved 1114112K
  class space    used 8737K, committed 9024K, reserved 1048576K
}
Event: 41.042 GC heap after
{Heap after GC invocations=50 (full 0):
 garbage-first heap   total 227328K, used 90538K [0x0000000080000000, 0x0000000100000000)
  region size 1024K, 6 young (6144K), 6 survivors (6144K)
 Metaspace       used 69301K, committed 69952K, reserved 1114112K
  class space    used 8737K, committed 9024K, reserved 1048576K
}
Event: 41.138 GC heap before
{Heap before GC invocations=50 (full 0):
 garbage-first heap   total 227328K, used 196010K [0x0000000080000000, 0x0000000100000000)
  region size 1024K, 110 young (112640K), 6 survivors (6144K)
 Metaspace       used 69303K, committed 69952K, reserved 1114112K
  class space    used 8737K, committed 9024K, reserved 1048576K
}

